<?xml version="1.0" encoding="UTF-8"?>
<!-- Generated by org.testng.reporters.JUnitXMLReporter -->
<testsuite ignored="0" hostname="Abhishek" failures="3" tests="7" name="Banking Application Test" time="77.514" errors="0" timestamp="2022-01-27T20:46:52 IST">
  <testcase classname="com.banking.testCases.TC_LoginTest_001" name="LoginTest" time="1.196"/>
  <testcase classname="com.banking.testCases.TC_LoginDDT_002" name="LoginDDT" time="10.006"/>
  <testcase classname="com.banking.testCases.TC_LoginDDT_002" name="LoginDDT" time="7.148">
    <failure type="java.lang.AssertionError" message="expected [true] but found [false]">
      <![CDATA[java.lang.AssertionError: expected [true] but found [false]
at com.banking.testCases.TC_LoginDDT_002.LoginDDT(TC_LoginDDT_002.java:31)
at java.base/java.util.ArrayList.forEach(ArrayList.java:1511)
... Removed 31 stack frames]]>
    </failure>
  </testcase> <!-- LoginDDT -->
  <testcase classname="com.banking.testCases.TC_LoginDDT_002" name="LoginDDT" time="5.838">
    <failure type="java.lang.AssertionError" message="expected [true] but found [false]">
      <![CDATA[java.lang.AssertionError: expected [true] but found [false]
at com.banking.testCases.TC_LoginDDT_002.LoginDDT(TC_LoginDDT_002.java:31)
at java.base/java.util.ArrayList.forEach(ArrayList.java:1511)
... Removed 31 stack frames]]>
    </failure>
  </testcase> <!-- LoginDDT -->
  <testcase classname="com.banking.testCases.TC_LoginDDT_002" name="LoginDDT" time="9.252"/>
  <testcase classname="com.banking.testCases.TC_LoginDDT_002" name="LoginDDT" time="6.126">
    <failure type="java.lang.AssertionError" message="expected [true] but found [false]">
      <![CDATA[java.lang.AssertionError: expected [true] but found [false]
at com.banking.testCases.TC_LoginDDT_002.LoginDDT(TC_LoginDDT_002.java:31)
at java.base/java.util.ArrayList.forEach(ArrayList.java:1511)
... Removed 31 stack frames]]>
    </failure>
  </testcase> <!-- LoginDDT -->
  <testcase classname="com.banking.testCases.TC_AddCustomerTest_003" name="addNewCustomer" time="17.667"/>
</testsuite> <!-- Banking Application Test -->
